<?xml version="1.0" encoding="UTF-8"?>
<!-- Generated by org.testng.reporters.JUnitReportReporter -->
<testsuite hostname="karthic" failures="0" tests="1" name="LaunchBrowser" time="11.460" errors="0" timestamp="2024-05-31T15:09:40 IST" skipped="0">
  <testcase classname="LaunchBrowser" name="firstTime" time="11.460"/>
  <system-out/>
</testsuite> <!-- LaunchBrowser -->
