<?xml version="1.0" encoding="UTF-8"?>
<!-- Generated by org.testng.reporters.JUnitReportReporter -->
<testsuite hostname="karthic" failures="0" tests="1" name="LaunchBrowser" time="1.893" errors="0" timestamp="2024-05-31T15:22:44 IST" skipped="0">
  <testcase classname="LaunchBrowser" name="firstTime" time="1.893"/>
  <system-out>
    <![CDATA[**************Successfully launched**************]]>
  </system-out>
</testsuite> <!-- LaunchBrowser -->
